# JRE version: Java(TM) SE Runtime Environment (7.0_79-b15) (build 1.7.0_79-b15)
# Java VM: Java HotSpot(TM) 64-Bit Server VM (24.79-b02 mixed mode windows-amd64 compressed oops)
Heap
 PSYoungGen      total 128000K, used 62912K [0x00000000d8300000, 0x00000000ea000000, 0x0000000100000000)
  eden space 122880K, 51% used [0x00000000d8300000,0x00000000dc0700c0,0x00000000dfb00000)
  from space 5120K, 0% used [0x00000000dfb00000,0x00000000dfb00000,0x00000000e0000000)
  to   space 23040K, 0% used [0x00000000e8980000,0x00000000e8980000,0x00000000ea000000)
 ParOldGen       total 81408K, used 50148K [0x0000000088a00000, 0x000000008d980000, 0x00000000d8300000)
  object space 81408K, 61% used [0x0000000088a00000,0x000000008baf9210,0x000000008d980000)
 PSPermGen       total 26624K, used 26318K [0x0000000083800000, 0x0000000085200000, 0x0000000088a00000)
  object space 26624K, 98% used [0x0000000083800000,0x00000000851b3ac0,0x0000000085200000)
GC Heap History (10 events):
Event: 5.444 GC heap before
{Heap before GC invocations=4 (full 0):
 PSYoungGen      total 66560K, used 66552K [0x00000000d8300000, 0x00000000e0500000, 0x0000000100000000)
  eden space 61440K, 100% used [0x00000000d8300000,0x00000000dbf00000,0x00000000dbf00000)
  from space 5120K, 99% used [0x00000000dbf00000,0x00000000dc3fe030,0x00000000dc400000)
  to   space 5120K, 0% used [0x00000000e0000000,0x00000000e0000000,0x00000000e0500000)
 ParOldGen       total 81408K, used 5180K [0x0000000088a00000, 0x000000008d980000, 0x00000000d8300000)
  object space 81408K, 6% used [0x0000000088a00000,0x0000000088f0f2f0,0x000000008d980000)
 PSPermGen       total 21504K, used 19086K [0x0000000083800000, 0x0000000084d00000, 0x0000000088a00000)
  object space 21504K, 88% used [0x0000000083800000,0x0000000084aa3840,0x0000000084d00000)
Event: 5.468 GC heap after
Heap after GC invocations=4 (full 0):
 PSYoungGen      total 128000K, used 5096K [0x00000000d8300000, 0x00000000e0500000, 0x0000000100000000)
  eden space 122880K, 0% used [0x00000000d8300000,0x00000000d8300000,0x00000000dfb00000)
  from space 5120K, 99% used [0x00000000e0000000,0x00000000e04fa020,0x00000000e0500000)
  to   space 5120K, 0% used [0x00000000dfb00000,0x00000000dfb00000,0x00000000e0000000)
 ParOldGen       total 81408K, used 10092K [0x0000000088a00000, 0x000000008d980000, 0x00000000d8300000)
  object space 81408K, 12% used [0x0000000088a00000,0x00000000893db138,0x000000008d980000)
 PSPermGen       total 21504K, used 19086K [0x0000000083800000, 0x0000000084d00000, 0x0000000088a00000)
  object space 21504K, 88% used [0x0000000083800000,0x0000000084aa3840,0x0000000084d00000)
}
Event: 8.902 GC heap before
{Heap before GC invocations=5 (full 0):
 PSYoungGen      total 128000K, used 127976K [0x00000000d8300000, 0x00000000e0500000, 0x0000000100000000)
  eden space 122880K, 100% used [0x00000000d8300000,0x00000000dfb00000,0x00000000dfb00000)
  from space 5120K, 99% used [0x00000000e0000000,0x00000000e04fa020,0x00000000e0500000)
  to   space 5120K, 0% used [0x00000000dfb00000,0x00000000dfb00000,0x00000000e0000000)
 ParOldGen       total 81408K, used 10092K [0x0000000088a00000, 0x000000008d980000, 0x00000000d8300000)
  object space 81408K, 12% used [0x0000000088a00000,0x00000000893db138,0x000000008d980000)
 PSPermGen       total 26624K, used 26245K [0x0000000083800000, 0x0000000085200000, 0x0000000088a00000)
  object space 26624K, 98% used [0x0000000083800000,0x00000000851a1590,0x0000000085200000)
Event: 8.945 GC heap after
Heap after GC invocations=5 (full 0):
 PSYoungGen      total 128000K, used 5096K [0x00000000d8300000, 0x00000000ea000000, 0x0000000100000000)
  eden space 122880K, 0% used [0x00000000d8300000,0x00000000d8300000,0x00000000dfb00000)
  from space 5120K, 99% used [0x00000000dfb00000,0x00000000dfffa050,0x00000000e0000000)
  to   space 23040K, 0% used [0x00000000e8980000,0x00000000e8980000,0x00000000ea000000)
 ParOldGen       total 81408K, used 29863K [0x0000000088a00000, 0x000000008d980000, 0x00000000d8300000)
  object space 81408K, 36% used [0x0000000088a00000,0x000000008a729d80,0x000000008d980000)
 PSPermGen       total 26624K, used 26245K [0x0000000083800000, 0x0000000085200000, 0x0000000088a00000)
  object space 26624K, 98% used [0x0000000083800000,0x00000000851a1590,0x0000000085200000)
}
Event: 9.908 GC heap before
{Heap before GC invocations=6 (full 0):
 PSYoungGen      total 128000K, used 127976K [0x00000000d8300000, 0x00000000ea000000, 0x0000000100000000)
  eden space 122880K, 100% used [0x00000000d8300000,0x00000000dfb00000,0x00000000dfb00000)
  from space 5120K, 99% used [0x00000000dfb00000,0x00000000dfffa050,0x00000000e0000000)
  to   space 23040K, 0% used [0x00000000e8980000,0x00000000e8980000,0x00000000ea000000)
 ParOldGen       total 81408K, used 29863K [0x0000000088a00000, 0x000000008d980000, 0x00000000d8300000)
  object space 81408K, 36% used [0x0000000088a00000,0x000000008a729d80,0x000000008d980000)
 PSPermGen       total 26624K, used 26299K [0x0000000083800000, 0x0000000085200000, 0x0000000088a00000)
  object space 26624K, 98% used [0x0000000083800000,0x00000000851aedf8,0x0000000085200000)
Event: 9.968 GC heap after
Heap after GC invocations=6 (full 0):
 PSYoungGen      total 145920K, used 23037K [0x00000000d8300000, 0x00000000ea000000, 0x0000000100000000)
  eden space 122880K, 0% used [0x00000000d8300000,0x00000000d8300000,0x00000000dfb00000)
  from space 23040K, 99% used [0x00000000e8980000,0x00000000e9fff730,0x00000000ea000000)
  to   space 5120K, 0% used [0x00000000dfb00000,0x00000000dfb00000,0x00000000e0000000)
 ParOldGen       total 81408K, used 36561K [0x0000000088a00000, 0x000000008d980000, 0x00000000d8300000)
  object space 81408K, 44% used [0x0000000088a00000,0x000000008adb4448,0x000000008d980000)
 PSPermGen       total 26624K, used 26299K [0x0000000083800000, 0x0000000085200000, 0x0000000088a00000)
  object space 26624K, 98% used [0x0000000083800000,0x00000000851aedf8,0x0000000085200000)
}
Event: 10.780 GC heap before
{Heap before GC invocations=7 (full 0):
 PSYoungGen      total 145920K, used 145917K [0x00000000d8300000, 0x00000000ea000000, 0x0000000100000000)
  eden space 122880K, 100% used [0x00000000d8300000,0x00000000dfb00000,0x00000000dfb00000)
  from space 23040K, 99% used [0x00000000e8980000,0x00000000e9fff730,0x00000000ea000000)
  to   space 5120K, 0% used [0x00000000dfb00000,0x00000000dfb00000,0x00000000e0000000)
 ParOldGen       total 81408K, used 36561K [0x0000000088a00000, 0x000000008d980000, 0x00000000d8300000)
  object space 81408K, 44% used [0x0000000088a00000,0x000000008adb4448,0x000000008d980000)
 PSPermGen       total 26624K, used 26328K [0x0000000083800000, 0x0000000085200000, 0x0000000088a00000)
  object space 26624K, 98% used [0x0000000083800000,0x00000000851b6218,0x0000000085200000)
Event: 10.843 GC heap after
Heap after GC invocations=7 (full 0):
 PSYoungGen      total 128000K, used 5088K [0x00000000d8300000, 0x00000000ea000000, 0x0000000100000000)
  eden space 122880K, 0% used [0x00000000d8300000,0x00000000d8300000,0x00000000dfb00000)
  from space 5120K, 99% used [0x00000000dfb00000,0x00000000dfff8010,0x00000000e0000000)
  to   space 23040K, 0% used [0x00000000e8980000,0x00000000e8980000,0x00000000ea000000)
 ParOldGen       total 81408K, used 72624K [0x0000000088a00000, 0x000000008d980000, 0x00000000d8300000)
  object space 81408K, 89% used [0x0000000088a00000,0x000000008d0ec278,0x000000008d980000)
 PSPermGen       total 26624K, used 26328K [0x0000000083800000, 0x0000000085200000, 0x0000000088a00000)
  object space 26624K, 98% used [0x0000000083800000,0x00000000851b6218,0x0000000085200000)
}
Event: 10.843 GC heap before
{Heap before GC invocations=8 (full 1):
 PSYoungGen      total 128000K, used 5088K [0x00000000d8300000, 0x00000000ea000000, 0x0000000100000000)
  eden space 122880K, 0% used [0x00000000d8300000,0x00000000d8300000,0x00000000dfb00000)
  from space 5120K, 99% used [0x00000000dfb00000,0x00000000dfff8010,0x00000000e0000000)
  to   space 23040K, 0% used [0x00000000e8980000,0x00000000e8980000,0x00000000ea000000)
 ParOldGen       total 81408K, used 72624K [0x0000000088a00000, 0x000000008d980000, 0x00000000d8300000)
  object space 81408K, 89% used [0x0000000088a00000,0x000000008d0ec278,0x000000008d980000)
 PSPermGen       total 26624K, used 26328K [0x0000000083800000, 0x0000000085200000, 0x0000000088a00000)
  object space 26624K, 98% used [0x0000000083800000,0x00000000851b6218,0x0000000085200000)
Event: 11.157 GC heap after
Heap after GC invocations=8 (full 1):
 PSYoungGen      total 128000K, used 0K [0x00000000d8300000, 0x00000000ea000000, 0x0000000100000000)
  eden space 122880K, 0% used [0x00000000d8300000,0x00000000d8300000,0x00000000dfb00000)
  from space 5120K, 0% used [0x00000000dfb00000,0x00000000dfb00000,0x00000000e0000000)
  to   space 23040K, 0% used [0x00000000e8980000,0x00000000e8980000,0x00000000ea000000)
 ParOldGen       total 81408K, used 50148K [0x0000000088a00000, 0x000000008d980000, 0x00000000d8300000)
  object space 81408K, 61% used [0x0000000088a00000,0x000000008baf9210,0x000000008d980000)
 PSPermGen       total 26624K, used 26316K [0x0000000083800000, 0x0000000085200000, 0x0000000088a00000)
  object space 26624K, 98% used [0x0000000083800000,0x00000000851b3378,0x0000000085200000)
}

